<?xml version="1.0" encoding="UTF-8" ?>
<testsuite failures="0" time="0.135" errors="0" skipped="0" tests="32" name="com.google.visualization.datasource.query.engine.QueryEngineTest">
  <properties>
    <property name="java.runtime.name" value="Java(TM) SE Runtime Environment"/>
    <property name="sun.boot.library.path" value="/usr/lib/jvm/java-6-sun-1.6.0.16/jre/lib/i386"/>
    <property name="java.vm.version" value="14.2-b01"/>
    <property name="java.vm.vendor" value="Sun Microsystems Inc."/>
    <property name="java.vendor.url" value="http://java.sun.com/"/>
    <property name="path.separator" value=":"/>
    <property name="java.vm.name" value="Java HotSpot(TM) Server VM"/>
    <property name="file.encoding.pkg" value="sun.io"/>
    <property name="user.country" value="US"/>
    <property name="sun.java.launcher" value="SUN_STANDARD"/>
    <property name="sun.os.patch.level" value="unknown"/>
    <property name="java.vm.specification.name" value="Java Virtual Machine Specification"/>
    <property name="user.dir" value="/home/jrmerz/workspace/google-visualization-java"/>
    <property name="java.runtime.version" value="1.6.0_16-b01"/>
    <property name="java.awt.graphicsenv" value="sun.awt.X11GraphicsEnvironment"/>
    <property name="basedir" value="/home/jrmerz/workspace/google-visualization-java"/>
    <property name="java.endorsed.dirs" value="/usr/lib/jvm/java-6-sun-1.6.0.16/jre/lib/endorsed"/>
    <property name="os.arch" value="i386"/>
    <property name="surefire.real.class.path" value="/tmp/surefirebooter445981356924856455.jar"/>
    <property name="java.io.tmpdir" value="/tmp"/>
    <property name="line.separator" value="
"/>
    <property name="java.vm.specification.vendor" value="Sun Microsystems Inc."/>
    <property name="os.name" value="Linux"/>
    <property name="sun.jnu.encoding" value="UTF-8"/>
    <property name="java.library.path" value="/usr/lib/jvm/java-6-sun-1.6.0.16/jre/lib/i386/server:/usr/lib/jvm/java-6-sun-1.6.0.16/jre/lib/i386:/usr/lib/jvm/java-6-sun-1.6.0.16/jre/../lib/i386:/usr/java/packages/lib/i386:/lib:/usr/lib"/>
    <property name="surefire.test.class.path" value="/home/jrmerz/workspace/google-visualization-java/build/class/test:/home/jrmerz/workspace/google-visualization-java/build/class/main:/home/jrmerz/.m2/repository/commons-lang/commons-lang/2.4/commons-lang-2.4.jar:/home/jrmerz/.m2/repository/commons-logging/commons-logging/1.1.1/commons-logging-1.1.1.jar:/home/jrmerz/.m2/repository/com/google/collections/google-collections/1.0-rc3/google-collections-1.0-rc3.jar:/home/jrmerz/.m2/repository/com/ibm/icu/icu4j/4.0.1/icu4j-4.0.1.jar:/home/jrmerz/.m2/repository/net/sf/opencsv/opencsv/1.8/opencsv-1.8.jar:/home/jrmerz/.m2/repository/javax/servlet/servlet-api/2.5/servlet-api-2.5.jar:/home/jrmerz/.m2/repository/junit/junit/4.6/junit-4.6.jar:/home/jrmerz/.m2/repository/org/easymock/easymock/2.5/easymock-2.5.jar:"/>
    <property name="java.specification.name" value="Java Platform API Specification"/>
    <property name="java.class.version" value="50.0"/>
    <property name="sun.management.compiler" value="HotSpot Tiered Compilers"/>
    <property name="os.version" value="2.6.31-19-generic"/>
    <property name="user.home" value="/home/jrmerz"/>
    <property name="user.timezone" value="GMT"/>
    <property name="java.awt.printerjob" value="sun.print.PSPrinterJob"/>
    <property name="file.encoding" value="UTF-8"/>
    <property name="java.specification.version" value="1.6"/>
    <property name="user.name" value="jrmerz"/>
    <property name="java.class.path" value="/home/jrmerz/workspace/google-visualization-java/build/class/test:/home/jrmerz/workspace/google-visualization-java/build/class/main:/home/jrmerz/.m2/repository/commons-lang/commons-lang/2.4/commons-lang-2.4.jar:/home/jrmerz/.m2/repository/commons-logging/commons-logging/1.1.1/commons-logging-1.1.1.jar:/home/jrmerz/.m2/repository/com/google/collections/google-collections/1.0-rc3/google-collections-1.0-rc3.jar:/home/jrmerz/.m2/repository/com/ibm/icu/icu4j/4.0.1/icu4j-4.0.1.jar:/home/jrmerz/.m2/repository/net/sf/opencsv/opencsv/1.8/opencsv-1.8.jar:/home/jrmerz/.m2/repository/javax/servlet/servlet-api/2.5/servlet-api-2.5.jar:/home/jrmerz/.m2/repository/junit/junit/4.6/junit-4.6.jar:/home/jrmerz/.m2/repository/org/easymock/easymock/2.5/easymock-2.5.jar:"/>
    <property name="java.vm.specification.version" value="1.0"/>
    <property name="sun.arch.data.model" value="32"/>
    <property name="java.home" value="/usr/lib/jvm/java-6-sun-1.6.0.16/jre"/>
    <property name="java.specification.vendor" value="Sun Microsystems Inc."/>
    <property name="user.language" value="en"/>
    <property name="java.vm.info" value="mixed mode"/>
    <property name="java.version" value="1.6.0_16"/>
    <property name="java.ext.dirs" value="/usr/lib/jvm/java-6-sun-1.6.0.16/jre/lib/ext:/usr/java/packages/lib/ext"/>
    <property name="sun.boot.class.path" value="/usr/lib/jvm/java-6-sun-1.6.0.16/jre/lib/resources.jar:/usr/lib/jvm/java-6-sun-1.6.0.16/jre/lib/rt.jar:/usr/lib/jvm/java-6-sun-1.6.0.16/jre/lib/sunrsasign.jar:/usr/lib/jvm/java-6-sun-1.6.0.16/jre/lib/jsse.jar:/usr/lib/jvm/java-6-sun-1.6.0.16/jre/lib/jce.jar:/usr/lib/jvm/java-6-sun-1.6.0.16/jre/lib/charsets.jar:/usr/lib/jvm/java-6-sun-1.6.0.16/jre/classes"/>
    <property name="java.vendor" value="Sun Microsystems Inc."/>
    <property name="localRepository" value="/home/jrmerz/.m2/repository"/>
    <property name="file.separator" value="/"/>
    <property name="java.vendor.url.bug" value="http://java.sun.com/cgi-bin/bugreport.cgi"/>
    <property name="sun.cpu.endian" value="little"/>
    <property name="sun.io.unicode.encoding" value="UnicodeLittle"/>
    <property name="sun.desktop" value="gnome"/>
    <property name="sun.cpu.isalist" value=""/>
  </properties>
  <testcase time="0.001" classname="com.google.visualization.datasource.query.engine.QueryEngineTest" name="testEmptyQuery"/>
  <testcase time="0" classname="com.google.visualization.datasource.query.engine.QueryEngineTest" name="testSortByNumberAscending"/>
  <testcase time="0" classname="com.google.visualization.datasource.query.engine.QueryEngineTest" name="testSortByNumberDescending"/>
  <testcase time="0.001" classname="com.google.visualization.datasource.query.engine.QueryEngineTest" name="testSortByTextAscending"/>
  <testcase time="0" classname="com.google.visualization.datasource.query.engine.QueryEngineTest" name="testSortByTextDescnding"/>
  <testcase time="0.001" classname="com.google.visualization.datasource.query.engine.QueryEngineTest" name="testSelectWithNoCols"/>
  <testcase time="0" classname="com.google.visualization.datasource.query.engine.QueryEngineTest" name="testSelectionOfFirstCol"/>
  <testcase time="0.001" classname="com.google.visualization.datasource.query.engine.QueryEngineTest" name="testSelectionOfAllButFirstCol"/>
  <testcase time="0" classname="com.google.visualization.datasource.query.engine.QueryEngineTest" name="testSelectionAndSortByTextDescending"/>
  <testcase time="0.007" classname="com.google.visualization.datasource.query.engine.QueryEngineTest" name="testGrouping"/>
  <testcase time="0.013" classname="com.google.visualization.datasource.query.engine.QueryEngineTest" name="testGroupingWithPivoting"/>
  <testcase time="0.006" classname="com.google.visualization.datasource.query.engine.QueryEngineTest" name="testGroupingByScalarFunction"/>
  <testcase time="0.003" classname="com.google.visualization.datasource.query.engine.QueryEngineTest" name="testPivotingByScalarFunction"/>
  <testcase time="0.004" classname="com.google.visualization.datasource.query.engine.QueryEngineTest" name="testGroupingByScalarFunctionWithPivoting"/>
  <testcase time="0.004" classname="com.google.visualization.datasource.query.engine.QueryEngineTest" name="testPivotingByScalarFunctionWithGrouping"/>
  <testcase time="0.002" classname="com.google.visualization.datasource.query.engine.QueryEngineTest" name="testGroupingAndPivotingByScalarFunction"/>
  <testcase time="0.001" classname="com.google.visualization.datasource.query.engine.QueryEngineTest" name="testSelectionOfScalarFunction"/>
  <testcase time="0.002" classname="com.google.visualization.datasource.query.engine.QueryEngineTest" name="testSelectionOfScalarFunctionWithGrouping"/>
  <testcase time="0.002" classname="com.google.visualization.datasource.query.engine.QueryEngineTest" name="testSelectionOfScalarFunctionWithPivoting"/>
  <testcase time="0.003" classname="com.google.visualization.datasource.query.engine.QueryEngineTest" name="testSelectionOfScalarFunctionWithGroupingAndPivoting"/>
  <testcase time="0" classname="com.google.visualization.datasource.query.engine.QueryEngineTest" name="testSelectionOfScalarFunctionWithEmptyTable"/>
  <testcase time="0.001" classname="com.google.visualization.datasource.query.engine.QueryEngineTest" name="testOrderByScalarFunction"/>
  <testcase time="0.002" classname="com.google.visualization.datasource.query.engine.QueryEngineTest" name="testSelectionOfArithmeticExpression"/>
  <testcase time="0.002" classname="com.google.visualization.datasource.query.engine.QueryEngineTest" name="testGroupByArithmeticExpression"/>
  <testcase time="0.001" classname="com.google.visualization.datasource.query.engine.QueryEngineTest" name="testFilterArithmeticExpression"/>
  <testcase time="0.001" classname="com.google.visualization.datasource.query.engine.QueryEngineTest" name="testLabels"/>
  <testcase time="0.013" classname="com.google.visualization.datasource.query.engine.QueryEngineTest" name="testFormatAndLabelOnPivotColumns"/>
  <testcase time="0.001" classname="com.google.visualization.datasource.query.engine.QueryEngineTest" name="testAggregationAppearsTwice"/>
  <testcase time="0.001" classname="com.google.visualization.datasource.query.engine.QueryEngineTest" name="testFormatStoresPattern"/>
  <testcase time="0.001" classname="com.google.visualization.datasource.query.engine.QueryEngineTest" name="testQueryDoesntRuinDataSourcePatterns"/>
  <testcase time="0.013" classname="com.google.visualization.datasource.query.engine.QueryEngineTest" name="testQueryWithLikeOperator"/>
  <testcase time="0.014" classname="com.google.visualization.datasource.query.engine.QueryEngineTest" name="testScalarFunctions"/>
</testsuite>